Mon Apr 28 20:34:08 EDT 2014 : Apache Derby Network Server - 10.8.3.2 - (1557835) started and ready to accept connections on port 1527
----------------------------------------------------------------
Mon Apr 28 20:34:09 EDT 2014:
Booting Derby version The Apache Software Foundation - Apache Derby - 10.8.3.2 - (1557835): instance a816c00e-0145-aae7-2e10-ffffcd87a2ce 
on database directory C:\Users\Jaki\Documents\GitHub\TitanMP\TitanMusicPlayer\titanMP  with class loader sun.misc.Launcher$AppClassLoader@47858e 
Loaded from file:/C:/Program%20Files/Java/jdk1.7.0_55/db/lib/derby.jar
java.vendor=Oracle Corporation
java.runtime.version=1.7.0_55-b13
user.dir=C:\Program Files\Java\jdk1.7.0_55\db
os.name=Windows Vista
os.arch=x86
os.version=6.0
derby.system.home=C:\Users\Jaki\Documents\GitHub\TitanMP\TitanMusicPlayer
Database Class Loader started - derby.database.classpath=''
----------------------------------------------------------------
Mon Apr 28 20:34:11 EDT 2014:
Shutting down instance a816c00e-0145-aae7-2e10-ffffcd87a2ce on database directory C:\Users\Jaki\Documents\GitHub\TitanMP\TitanMusicPlayer\titanMP with class loader sun.misc.Launcher$AppClassLoader@47858e 
Mon Apr 28 20:34:11 EDT 2014 Thread[DRDAConnThread_3,5,main] (DATABASE = titanMP), (DRDAID = {2}), Database 'titanMP' shutdown.
----------------------------------------------------------------
Mon Apr 28 20:34:35 EDT 2014:
Booting Derby version The Apache Software Foundation - Apache Derby - 10.8.3.2 - (1557835): instance 6c44409f-0145-aae7-2e10-ffffcd87a2ce 
on database directory C:\Users\Jaki\Documents\GitHub\TitanMP\TitanMusicPlayer\titanMP  with class loader sun.misc.Launcher$AppClassLoader@47858e 
Loaded from file:/C:/Program%20Files/Java/jdk1.7.0_55/db/lib/derby.jar
java.vendor=Oracle Corporation
java.runtime.version=1.7.0_55-b13
user.dir=C:\Program Files\Java\jdk1.7.0_55\db
os.name=Windows Vista
os.arch=x86
os.version=6.0
derby.system.home=C:\Users\Jaki\Documents\GitHub\TitanMP\TitanMusicPlayer
Database Class Loader started - derby.database.classpath=''
